# JRE version: Java(TM) SE Runtime Environment (8.0_40-b26) (build 1.8.0_40-b26)
# Java VM: Java HotSpot(TM) 64-Bit Server VM (25.40-b25 mixed mode windows-amd64 compressed oops)
Heap:
 PSYoungGen      total 18944K, used 7114K [0x00000000eaf00000, 0x00000000ed200000, 0x0000000100000000)
  eden space 16384K, 27% used [0x00000000eaf00000,0x00000000eb372978,0x00000000ebf00000)
  from space 2560K, 100% used [0x00000000ecf80000,0x00000000ed200000,0x00000000ed200000)
  to   space 2560K, 0% used [0x00000000ebf00000,0x00000000ebf00000,0x00000000ec180000)
 ParOldGen       total 44032K, used 16573K [0x00000000c0c00000, 0x00000000c3700000, 0x00000000eaf00000)
  object space 44032K, 37% used [0x00000000c0c00000,0x00000000c1c2f638,0x00000000c3700000)
 Metaspace       used 18604K, capacity 18830K, committed 19072K, reserved 1067008K
  class space    used 2350K, capacity 2408K, committed 2432K, reserved 1048576K
GC Heap History (8 events):
Event: 2.197 GC heap before
{Heap before GC invocations=1 (full 0):
 PSYoungGen      total 18944K, used 16384K [0x00000000eaf00000, 0x00000000ec400000, 0x0000000100000000)
  eden space 16384K, 100% used [0x00000000eaf00000,0x00000000ebf00000,0x00000000ebf00000)
  from space 2560K, 0% used [0x00000000ec180000,0x00000000ec180000,0x00000000ec400000)
  to   space 2560K, 0% used [0x00000000ebf00000,0x00000000ebf00000,0x00000000ec180000)
 ParOldGen       total 44032K, used 0K [0x00000000c0c00000, 0x00000000c3700000, 0x00000000eaf00000)
  object space 44032K, 0% used [0x00000000c0c00000,0x00000000c0c00000,0x00000000c3700000)
 Metaspace       used 8391K, capacity 8584K, committed 8832K, reserved 1056768K
  class space    used 1005K, capacity 1089K, committed 1152K, reserved 1048576K
Event: 2.225 GC heap after
Heap after GC invocations=1 (full 0):
 PSYoungGen      total 18944K, used 2545K [0x00000000eaf00000, 0x00000000ed400000, 0x0000000100000000)
  eden space 16384K, 0% used [0x00000000eaf00000,0x00000000eaf00000,0x00000000ebf00000)
  from space 2560K, 99% used [0x00000000ebf00000,0x00000000ec17c7c0,0x00000000ec180000)
  to   space 2560K, 0% used [0x00000000ed180000,0x00000000ed180000,0x00000000ed400000)
 ParOldGen       total 44032K, used 954K [0x00000000c0c00000, 0x00000000c3700000, 0x00000000eaf00000)
  object space 44032K, 2% used [0x00000000c0c00000,0x00000000c0cee8d0,0x00000000c3700000)
 Metaspace       used 8391K, capacity 8584K, committed 8832K, reserved 1056768K
  class space    used 1005K, capacity 1089K, committed 1152K, reserved 1048576K
}
Event: 32.913 GC heap before
{Heap before GC invocations=2 (full 0):
 PSYoungGen      total 18944K, used 18929K [0x00000000eaf00000, 0x00000000ed400000, 0x0000000100000000)
  eden space 16384K, 100% used [0x00000000eaf00000,0x00000000ebf00000,0x00000000ebf00000)
  from space 2560K, 99% used [0x00000000ebf00000,0x00000000ec17c7c0,0x00000000ec180000)
  to   space 2560K, 0% used [0x00000000ed180000,0x00000000ed180000,0x00000000ed400000)
 ParOldGen       total 44032K, used 954K [0x00000000c0c00000, 0x00000000c3700000, 0x00000000eaf00000)
  object space 44032K, 2% used [0x00000000c0c00000,0x00000000c0cee8d0,0x00000000c3700000)
 Metaspace       used 16029K, capacity 16206K, committed 16640K, reserved 1062912K
  class space    used 2132K, capacity 2216K, committed 2304K, reserved 1048576K
Event: 32.926 GC heap after
Heap after GC invocations=2 (full 0):
 PSYoungGen      total 18944K, used 2544K [0x00000000eaf00000, 0x00000000ed400000, 0x0000000100000000)
  eden space 16384K, 0% used [0x00000000eaf00000,0x00000000eaf00000,0x00000000ebf00000)
  from space 2560K, 99% used [0x00000000ed180000,0x00000000ed3fc010,0x00000000ed400000)
  to   space 2560K, 0% used [0x00000000ebf00000,0x00000000ebf00000,0x00000000ec180000)
 ParOldGen       total 44032K, used 7550K [0x00000000c0c00000, 0x00000000c3700000, 0x00000000eaf00000)
  object space 44032K, 17% used [0x00000000c0c00000,0x00000000c135fa48,0x00000000c3700000)
 Metaspace       used 16029K, capacity 16206K, committed 16640K, reserved 1062912K
  class space    used 2132K, capacity 2216K, committed 2304K, reserved 1048576K
}
Event: 97.837 GC heap before
{Heap before GC invocations=3 (full 0):
 PSYoungGen      total 18944K, used 18928K [0x00000000eaf00000, 0x00000000ed400000, 0x0000000100000000)
  eden space 16384K, 100% used [0x00000000eaf00000,0x00000000ebf00000,0x00000000ebf00000)
  from space 2560K, 99% used [0x00000000ed180000,0x00000000ed3fc010,0x00000000ed400000)
  to   space 2560K, 0% used [0x00000000ebf00000,0x00000000ebf00000,0x00000000ec180000)
 ParOldGen       total 44032K, used 7550K [0x00000000c0c00000, 0x00000000c3700000, 0x00000000eaf00000)
  object space 44032K, 17% used [0x00000000c0c00000,0x00000000c135fa48,0x00000000c3700000)
 Metaspace       used 18345K, capacity 18510K, committed 18816K, reserved 1064960K
  class space    used 2342K, capacity 2408K, committed 2432K, reserved 1048576K
Event: 97.849 GC heap after
Heap after GC invocations=3 (full 0):
 PSYoungGen      total 18944K, used 2528K [0x00000000eaf00000, 0x00000000ed200000, 0x0000000100000000)
  eden space 16384K, 0% used [0x00000000eaf00000,0x00000000eaf00000,0x00000000ebf00000)
  from space 2560K, 98% used [0x00000000ebf00000,0x00000000ec178020,0x00000000ec180000)
  to   space 2560K, 0% used [0x00000000ecf80000,0x00000000ecf80000,0x00000000ed200000)
 ParOldGen       total 44032K, used 10949K [0x00000000c0c00000, 0x00000000c3700000, 0x00000000eaf00000)
  object space 44032K, 24% used [0x00000000c0c00000,0x00000000c16b16b8,0x00000000c3700000)
 Metaspace       used 18345K, capacity 18510K, committed 18816K, reserved 1064960K
  class space    used 2342K, capacity 2408K, committed 2432K, reserved 1048576K
}
Event: 157.789 GC heap before
{Heap before GC invocations=4 (full 0):
 PSYoungGen      total 18944K, used 18912K [0x00000000eaf00000, 0x00000000ed200000, 0x0000000100000000)
  eden space 16384K, 100% used [0x00000000eaf00000,0x00000000ebf00000,0x00000000ebf00000)
  from space 2560K, 98% used [0x00000000ebf00000,0x00000000ec178020,0x00000000ec180000)
  to   space 2560K, 0% used [0x00000000ecf80000,0x00000000ecf80000,0x00000000ed200000)
 ParOldGen       total 44032K, used 10949K [0x00000000c0c00000, 0x00000000c3700000, 0x00000000eaf00000)
  object space 44032K, 24% used [0x00000000c0c00000,0x00000000c16b16b8,0x00000000c3700000)
 Metaspace       used 18582K, capacity 18766K, committed 19072K, reserved 1067008K
  class space    used 2350K, capacity 2408K, committed 2432K, reserved 1048576K
Event: 157.800 GC heap after
Heap after GC invocations=4 (full 0):
 PSYoungGen      total 18944K, used 2560K [0x00000000eaf00000, 0x00000000ed200000, 0x0000000100000000)
  eden space 16384K, 0% used [0x00000000eaf00000,0x00000000eaf00000,0x00000000ebf00000)
  from space 2560K, 100% used [0x00000000ecf80000,0x00000000ed200000,0x00000000ed200000)
  to   space 2560K, 0% used [0x00000000ebf00000,0x00000000ebf00000,0x00000000ec180000)
 ParOldGen       total 44032K, used 16573K [0x00000000c0c00000, 0x00000000c3700000, 0x00000000eaf00000)
  object space 44032K, 37% used [0x00000000c0c00000,0x00000000c1c2f638,0x00000000c3700000)
 Metaspace       used 18582K, capacity 18766K, committed 19072K, reserved 1067008K
  class space    used 2350K, capacity 2408K, committed 2432K, reserved 1048576K
}

